[2020-11-10 12:29:53] admin.INFO [N/A] [dac908f] [N/A] [Eccube\Log\Logger:log:64] - INIT [] [GET, /ec/eccube-4.0.5/kanri/, ::1, NULL, Mozilla/5.0 (Windows NT 6.1; Win64; x64; rv:82.0) Gecko/20100101 Firefox/82.0]
[2020-11-10 12:29:53] admin.INFO [abff9eef] [dac908f] [anon.] [Eccube\Log\Logger:log:64] - LOGIC END ["admin_homepage"] [GET, /ec/eccube-4.0.5/kanri/, ::1, NULL, Mozilla/5.0 (Windows NT 6.1; Win64; x64; rv:82.0) Gecko/20100101 Firefox/82.0]
[2020-11-10 12:29:53] app.INFO [N/A] [dac908f] [anon.] [Eccube\Log\Logger:log:68] - PROCESS END ["admin_homepage"] [GET, /ec/eccube-4.0.5/kanri/, ::1, NULL, Mozilla/5.0 (Windows NT 6.1; Win64; x64; rv:82.0) Gecko/20100101 Firefox/82.0]
[2020-11-10 12:29:53] admin.INFO [N/A] [657c37a] [N/A] [Eccube\Log\Logger:log:64] - INIT [] [GET, /ec/eccube-4.0.5/kanri/login, ::1, NULL, Mozilla/5.0 (Windows NT 6.1; Win64; x64; rv:82.0) Gecko/20100101 Firefox/82.0]
[2020-11-10 12:29:53] admin.INFO [abff9eef] [657c37a] [anon.] [Eccube\Log\Logger:log:64] - PROCESS START ["admin_login"] [GET, /ec/eccube-4.0.5/kanri/login, ::1, NULL, Mozilla/5.0 (Windows NT 6.1; Win64; x64; rv:82.0) Gecko/20100101 Firefox/82.0]
[2020-11-10 12:29:54] admin.INFO [abff9eef] [657c37a] [anon.] [Eccube\Log\Logger:log:64] - LOGIC START ["admin_login"] [GET, /ec/eccube-4.0.5/kanri/login, ::1, NULL, Mozilla/5.0 (Windows NT 6.1; Win64; x64; rv:82.0) Gecko/20100101 Firefox/82.0]
[2020-11-10 12:29:54] admin.INFO [abff9eef] [657c37a] [anon.] [Eccube\Log\Logger:log:64] - LOGIC END ["admin_login"] [GET, /ec/eccube-4.0.5/kanri/login, ::1, NULL, Mozilla/5.0 (Windows NT 6.1; Win64; x64; rv:82.0) Gecko/20100101 Firefox/82.0]
[2020-11-10 12:29:54] app.INFO [N/A] [657c37a] [anon.] [Eccube\Log\Logger:log:68] - PROCESS END ["admin_login"] [GET, /ec/eccube-4.0.5/kanri/login, ::1, NULL, Mozilla/5.0 (Windows NT 6.1; Win64; x64; rv:82.0) Gecko/20100101 Firefox/82.0]
[2020-11-10 12:29:57] admin.INFO [N/A] [251a93d] [N/A] [Eccube\Log\Logger:log:64] - INIT [] [POST, /ec/eccube-4.0.5/kanri/login, ::1, http://localhost/ec/eccube-4.0.5/kanri/login, Mozilla/5.0 (Windows NT 6.1; Win64; x64; rv:82.0) Gecko/20100101 Firefox/82.0]
[2020-11-10 12:29:58] admin.INFO [d0c514a5] [251a93d] [1] [Eccube\Log\Logger:log:64] - LOGIC END ["admin_login"] [POST, /ec/eccube-4.0.5/kanri/login, ::1, http://localhost/ec/eccube-4.0.5/kanri/login, Mozilla/5.0 (Windows NT 6.1; Win64; x64; rv:82.0) Gecko/20100101 Firefox/82.0]
[2020-11-10 12:29:58] app.INFO [N/A] [251a93d] [1] [Eccube\Log\Logger:log:68] - PROCESS END ["admin_login"] [POST, /ec/eccube-4.0.5/kanri/login, ::1, http://localhost/ec/eccube-4.0.5/kanri/login, Mozilla/5.0 (Windows NT 6.1; Win64; x64; rv:82.0) Gecko/20100101 Firefox/82.0]
[2020-11-10 12:29:58] admin.INFO [N/A] [42abcb6] [N/A] [Eccube\Log\Logger:log:64] - INIT [] [GET, /ec/eccube-4.0.5/kanri/, ::1, http://localhost/ec/eccube-4.0.5/kanri/login, Mozilla/5.0 (Windows NT 6.1; Win64; x64; rv:82.0) Gecko/20100101 Firefox/82.0]
[2020-11-10 12:29:58] admin.INFO [d0c514a5] [42abcb6] [1] [Eccube\Log\Logger:log:64] - PROCESS START ["admin_homepage"] [GET, /ec/eccube-4.0.5/kanri/, ::1, http://localhost/ec/eccube-4.0.5/kanri/login, Mozilla/5.0 (Windows NT 6.1; Win64; x64; rv:82.0) Gecko/20100101 Firefox/82.0]
[2020-11-10 12:29:58] admin.INFO [d0c514a5] [42abcb6] [1] [Eccube\Log\Logger:log:64] - LOGIC START ["admin_homepage"] [GET, /ec/eccube-4.0.5/kanri/, ::1, http://localhost/ec/eccube-4.0.5/kanri/login, Mozilla/5.0 (Windows NT 6.1; Win64; x64; rv:82.0) Gecko/20100101 Firefox/82.0]
[2020-11-10 12:29:58] admin.INFO [d0c514a5] [42abcb6] [1] [Eccube\Log\Logger:log:64] - http get_info {"url":"https://package-api.ec-cube.net/plugins/recommended","content_type":"application/json;charset=UTF-8","http_code":200,"header_size":413,"request_size":210,"filetime":-1,"ssl_verify_result":0,"redirect_count":0,"total_time":0.190062,"namelookup_time":0.033868,"connect_time":0.053852,"pretransfer_time":0.120654,"size_upload":0,"size_download":7548,"speed_download":39726,"speed_upload":0,"download_content_length":-1,"upload_content_length":-1,"starttransfer_time":0.189097,"redirect_time":0,"redirect_url":"","primary_ip":"133.242.233.183","certinfo":[],"primary_port":443,"local_ip":"192.168.100.126","local_port":55629,"http_version":2,"protocol":2,"ssl_verifyresult":0,"scheme":"HTTPS","appconnect_time_us":120579,"connect_time_us":53852,"namelookup_time_us":33868,"pretransfer_time_us":120654,"redirect_time_us":0,"starttransfer_time_us":189097,"total_time_us":190062,"message":""} [GET, /ec/eccube-4.0.5/kanri/, ::1, http://localhost/ec/eccube-4.0.5/kanri/login, Mozilla/5.0 (Windows NT 6.1; Win64; x64; rv:82.0) Gecko/20100101 Firefox/82.0]
[2020-11-10 12:29:58] admin.INFO [d0c514a5] [42abcb6] [1] [Eccube\Log\Logger:log:64] - LOGIC END ["admin_homepage"] [GET, /ec/eccube-4.0.5/kanri/, ::1, http://localhost/ec/eccube-4.0.5/kanri/login, Mozilla/5.0 (Windows NT 6.1; Win64; x64; rv:82.0) Gecko/20100101 Firefox/82.0]
[2020-11-10 12:29:58] app.INFO [N/A] [42abcb6] [1] [Eccube\Log\Logger:log:68] - PROCESS END ["admin_homepage"] [GET, /ec/eccube-4.0.5/kanri/, ::1, http://localhost/ec/eccube-4.0.5/kanri/login, Mozilla/5.0 (Windows NT 6.1; Win64; x64; rv:82.0) Gecko/20100101 Firefox/82.0]
[2020-11-10 12:30:00] admin.INFO [N/A] [3e07a02] [N/A] [Eccube\Log\Logger:log:64] - INIT [] [GET, /ec/eccube-4.0.5/kanri/sale_chart, ::1, http://localhost/ec/eccube-4.0.5/kanri/, Mozilla/5.0 (Windows NT 6.1; Win64; x64; rv:82.0) Gecko/20100101 Firefox/82.0]
[2020-11-10 12:30:00] admin.INFO [d0c514a5] [3e07a02] [1] [Eccube\Log\Logger:log:64] - PROCESS START ["admin_homepage_sale"] [GET, /ec/eccube-4.0.5/kanri/sale_chart, ::1, http://localhost/ec/eccube-4.0.5/kanri/, Mozilla/5.0 (Windows NT 6.1; Win64; x64; rv:82.0) Gecko/20100101 Firefox/82.0]
[2020-11-10 12:30:00] admin.INFO [d0c514a5] [3e07a02] [1] [Eccube\Log\Logger:log:64] - LOGIC START ["admin_homepage_sale"] [GET, /ec/eccube-4.0.5/kanri/sale_chart, ::1, http://localhost/ec/eccube-4.0.5/kanri/, Mozilla/5.0 (Windows NT 6.1; Win64; x64; rv:82.0) Gecko/20100101 Firefox/82.0]
[2020-11-10 12:30:00] admin.INFO [d0c514a5] [3e07a02] [1] [Eccube\Log\Logger:log:64] - LOGIC END ["admin_homepage_sale"] [GET, /ec/eccube-4.0.5/kanri/sale_chart, ::1, http://localhost/ec/eccube-4.0.5/kanri/, Mozilla/5.0 (Windows NT 6.1; Win64; x64; rv:82.0) Gecko/20100101 Firefox/82.0]
[2020-11-10 12:30:00] app.INFO [N/A] [3e07a02] [1] [Eccube\Log\Logger:log:68] - PROCESS END ["admin_homepage_sale"] [GET, /ec/eccube-4.0.5/kanri/sale_chart, ::1, http://localhost/ec/eccube-4.0.5/kanri/, Mozilla/5.0 (Windows NT 6.1; Win64; x64; rv:82.0) Gecko/20100101 Firefox/82.0]
[2020-11-10 12:30:01] app.INFO [N/A] [447358d] [anon.] [Eccube\Log\Logger:log:68] - PROCESS END ["homepage"] [GET, /ec/eccube-4.0.5/, ::1, http://localhost/ec/eccube-4.0.5/kanri/, Mozilla/5.0 (Windows NT 6.1; Win64; x64; rv:82.0) Gecko/20100101 Firefox/82.0]
